Environment at start of build:
ALLUSERSPROFILE = C:\ProgramData
APPDATA = C:\Users\henry\AppData\Roaming
CommonProgramFiles = C:\Program Files (x86)\Common Files
CommonProgramFiles(Arm) = C:\Program Files (Arm)\Common Files
CommonProgramFiles(x86) = C:\Program Files (x86)\Common Files
CommonProgramW6432 = C:\Program Files\Common Files
COMPUTERNAME = DOPHAMTHANHCCBA
ComSpec = C:\Windows\system32\cmd.exe
DriverData = C:\Windows\System32\Drivers\DriverData
FPS_BROWSER_APP_PROFILE_STRING = Internet Explorer
FPS_BROWSER_USER_PROFILE_STRING = Default
HOMEDRIVE = C:
HOMEPATH = \Users\henry
LOCALAPPDATA = C:\Users\henry\AppData\Local
LOGONSERVER = \\DOPHAMTHANHCCBA
MSBuildLoadMicrosoftTargetsReadOnly = true
NUMBER_OF_PROCESSORS = 4
OS = Windows_NT
Path = C:\Program Files\Parallels\Parallels Tools\Applications;C:\Windows\system32;C:\Windows;C:\Windows\System32\Wbem;C:\Windows\System32\WindowsPowerShell\v1.0\;C:\Windows\System32\OpenSSH\;C:\Users\henry\AppData\Local\Microsoft\WindowsApps
PATHEXT = .COM;.EXE;.BAT;.CMD;.VBS;.VBE;.JS;.JSE;.WSF;.WSH;.MSC
PkgDefApplicationConfigFile = C:\Users\henry\AppData\Local\Microsoft\VisualStudio\16.0_05f0b2ad\devenv.exe.config
PROCESSOR_ARCHITECTURE = x86
PROCESSOR_ARCHITEW6432 = ARM64
PROCESSOR_IDENTIFIER = ARMv8 (64-bit) Family 8 Model 0 Revision   0,  
PROCESSOR_LEVEL = 0
PROCESSOR_REVISION = 0000
ProgramData = C:\ProgramData
ProgramFiles = C:\Program Files (x86)
ProgramFiles(Arm) = C:\Program Files (Arm)
ProgramFiles(x86) = C:\Program Files (x86)
ProgramW6432 = C:\Program Files
PSModulePath = %ProgramFiles%\WindowsPowerShell\Modules;C:\Windows\system32\WindowsPowerShell\v1.0\Modules
PUBLIC = C:\Users\Public
ServiceHubLogSessionKey = 1D32DDC7
SESSIONNAME = Console
SystemDrive = C:
SystemRoot = C:\Windows
TEMP = C:\Users\henry\AppData\Local\Temp
ThreadedWaitDialogDpiContext = -4
TMP = C:\Users\henry\AppData\Local\Temp
USERDOMAIN = DOPHAMTHANHCCBA
USERDOMAIN_ROAMINGPROFILE = DOPHAMTHANHCCBA
USERNAME = henry
USERPROFILE = C:\Users\henry
VisualStudioDir = \\Mac\Home\Documents\Visual Studio 2019
VisualStudioEdition = Microsoft Visual Studio Community 2019
VisualStudioVersion = 16.0
VSAPPIDDIR = C:\Program Files (x86)\Microsoft Visual Studio\2019\Community\Common7\IDE\
VSAPPIDNAME = devenv.exe
VSLANG = 1033
VSLS_SESSION_KEEPALIVE_INTERVAL = 0
VSSKUEDITION = Community
windir = C:\Windows

  Gameplay.cpp
\\Mac\Home\Desktop\GitHub\DoAnKTLC\Snake_Nhom14\Snake_Nhom14\Gameplay.h(5,15): error C2371: 'POINT': redefinition; different basic types
C:\Program Files (x86)\Windows Kits\10\Include\10.0.19041.0\shared\windef.h(178): message : see declaration of 'POINT'
\\Mac\Home\Desktop\GitHub\DoAnKTLC\Snake_Nhom14\Snake_Nhom14\Gameplay.cpp(15,15): warning C4244: 'argument': conversion from 'time_t' to 'unsigned int', possible loss of data
\\Mac\Home\Desktop\GitHub\DoAnKTLC\Snake_Nhom14\Snake_Nhom14\Gameplay.cpp(27,34): error C2665: 'DrawPixel': none of the 4 overloads could convert all the argument types
\\Mac\Home\Desktop\GitHub\DoAnKTLC\Snake_Nhom14\Snake_Nhom14\Graphic.h(22,6): message : could be 'void DrawPixel(POINT,int,int,char)'
\\Mac\Home\Desktop\GitHub\DoAnKTLC\Snake_Nhom14\Snake_Nhom14\Gameplay.cpp(27,34): message : while trying to match the argument list '(POINT [4], int, int, char)'
\\Mac\Home\Desktop\GitHub\DoAnKTLC\Snake_Nhom14\Snake_Nhom14\Gameplay.cpp(29,34): error C2665: 'DrawPixel': none of the 4 overloads could convert all the argument types
\\Mac\Home\Desktop\GitHub\DoAnKTLC\Snake_Nhom14\Snake_Nhom14\Graphic.h(22,6): message : could be 'void DrawPixel(POINT,int,int,char)'
\\Mac\Home\Desktop\GitHub\DoAnKTLC\Snake_Nhom14\Snake_Nhom14\Gameplay.cpp(29,34): message : while trying to match the argument list '(POINT [4], int, int, char)'
\\Mac\Home\Desktop\GitHub\DoAnKTLC\Snake_Nhom14\Snake_Nhom14\Gameplay.cpp(109,13): error C3861: 'DrawSnakeAndFood': identifier not found
\\Mac\Home\Desktop\GitHub\DoAnKTLC\Snake_Nhom14\Snake_Nhom14\Gameplay.cpp(128,13): error C3861: 'DrawSnakeAndFood': identifier not found
  Graphic.cpp
  GUI.cpp
  Snake_Nhom14.cpp
\\Mac\Home\Desktop\GitHub\DoAnKTLC\Snake_Nhom14\Snake_Nhom14\Gameplay.h(5,15): error C2371: 'POINT': redefinition; different basic types
C:\Program Files (x86)\Windows Kits\10\Include\10.0.19041.0\shared\windef.h(178): message : see declaration of 'POINT'
  Generating Code...
